UTC/GMT+8hours:2023-11-07 23:13:26.486141
您目前采用的模式为: 
1. <表结构一致模式> 单参数表处理模式, 常用模式, 数据源的表结构一致时采用该模式处理数据转换;


UTC/GMT+8hours:2023-11-07 23:13:43.097648
######################## 围绕参数表'DEFAULT'的数据格式转换程序开始执行 ################################



UTC/GMT+8hours:2023-11-07 23:13:43.098645
base params set file 'BASE_PARAMS_SET.json' doesn't exist, or is forced to be overwritten.

UTC/GMT+8hours:2023-11-07 23:13:43.115641
[PARAMS] parameters initialization from settings, params set file 'BASE_PARAMS_SET.json' is created or overwritten.

UTC/GMT+8hours:2023-11-07 23:13:43.121592
[PARAMS] parameters initialization from existing params file 'BASE_PARAMS_SET.json'.

UTC/GMT+8hours:2023-11-07 23:13:43.124575
[PARAMS] parameters initialization from 'BASE_PARAMS_SET.json', params set file 'DEFAULT.json' is created or overwritten.


*************************************************************************
***                          PROGRAM STARTS                           ***
***                  TABLE-DATA-FORMAT-TRANSFORM-APP                  ***
***                           VERSION:2.01                            ***
***                  e-mail: jameshanzhang@foxmail.com                ***
*************************************************************************
link: github.com/JamesHanZhang/table-data-format-transform-app
UTC/GMT+8hours:2023-11-07 23:13:43.132902
***************************************************
[PROGRAM STARTS]: program starts...

UTC/GMT+8hours:2023-11-07 23:13:43.137889
[PARAMS] parameters initialization from existing params file 'BASE_PARAMS_SET.json'.

UTC/GMT+8hours:2023-11-07 23:13:43.145143
[PARAMS] parameters initialization from 'BASE_PARAMS_SET.json', params set file 'DEFAULT.json' is created or overwritten.

UTC/GMT+8hours:2023-11-07 23:13:43.150237
[COST TIME] the program <markdown reading generator created (using csv reading method)> costed time: 0:00:00

UTC/GMT+8hours:2023-11-07 23:13:43.159212
[INPUT ENCODING DETECTION] file D:\CODE-PROJECTS\PYTHON-PROJECTS\table-data-format-transform-app\main\table_data_format_transform_app\table-data-format-transform-app\input_dataset\input_test.md charset detected automatically: utf-8

UTC/GMT+8hours:2023-11-07 23:13:43.159212
[WARNING]: we turned all datavalues into string type in case losing the precision of data.

UTC/GMT+8hours:2023-11-07 23:13:43.165197
[ParseError]: ParseError detected not by read_csv, but by self made method.
Error tokenizing data. C error: EOF inside string starting at row 8.


UTC/GMT+8hours:2023-11-07 23:13:43.169491
[ERROR LINES EXTRACTION] error lines and correct lines are separated into 2 files for further reading.

UTC/GMT+8hours:2023-11-07 23:13:43.181464
[IMPORT CSV]: data from D:\CODE-PROJECTS\PYTHON-PROJECTS\table-data-format-transform-app\main\table_data_format_transform_app\table-data-format-transform-app\input_dataset\input_test.md is imported as reader generator for circular import in chunk size 50000.

UTC/GMT+8hours:2023-11-07 23:13:43.188443
[COST TIME] the program <csv reading generator created> costed time: 0:00:00.035215

UTC/GMT+8hours:2023-11-07 23:13:43.197419
[COST TIME] the program <basic processing> costed time: 0:00:00

UTC/GMT+8hours:2023-11-07 23:13:43.206395
[CSV OUTPUT]: file created: D:\CODE-PROJECTS\PYTHON-PROJECTS\table-data-format-transform-app\main\table_data_format_transform_app\table-data-format-transform-app\output_dataset\output_test.csv

UTC/GMT+8hours:2023-11-07 23:13:43.206395
[COST TIME] the program <store as csv> costed time: 0:00:00.002992

UTC/GMT+8hours:2023-11-07 23:13:43.437205
[EXCEL OUTPUT]: file created: D:\CODE-PROJECTS\PYTHON-PROJECTS\table-data-format-transform-app\main\table_data_format_transform_app\table-data-format-transform-app\output_dataset\output_test.xlsx

UTC/GMT+8hours:2023-11-07 23:13:43.438203
[COST TIME] the program <store as excel> costed time: 0:00:00.218843

UTC/GMT+8hours:2023-11-07 23:13:43.457524
[MARKDOWN OUTPUT]: file created: D:\CODE-PROJECTS\PYTHON-PROJECTS\table-data-format-transform-app\main\table_data_format_transform_app\table-data-format-transform-app\output_dataset\output_test.md

UTC/GMT+8hours:2023-11-07 23:13:43.458524
[COST TIME] the program <store as markdown> costed time: 0:00:00.008350

UTC/GMT+8hours:2023-11-07 23:13:43.492253
[COST TIME] the program <store as sql table creation> costed time: 0:00:00.002994

UTC/GMT+8hours:2023-11-07 23:13:43.493254
[COST TIME] the program <store as sql insert commands> costed time: 0:00:00.020764

UTC/GMT+8hours:2023-11-07 23:13:43.501229
[THE END]: The data analysis process is successfully finished.
[COST TIME]: The whole process costed time: 0:00:00.363340
***************************************************




UTC/GMT+8hours:2023-11-07 23:13:43.506215
######################## 参数表'DEFAULT'的数据转换进程已顺利结束执行 ################################



UTC/GMT+8hours:2023-11-07 23:13:43.514198
[PARAMS] parameters initialization from existing params file 'DEFAULT.json'.

UTC/GMT+8hours:2023-11-07 23:13:43.521175
共计转换数据量为: 6条记录.

UTC/GMT+8hours:2023-11-07 23:13:43.527160

*************************** 免责声明 ******************************
    本程序遵循MIT开源协议, 如有疑问, 可依据以下链接查看源代码:
    link: github.com/JamesHanZhang/table-data-format-transform-app
    请用户自行负责校验数据转换质量
******************************************************************


UTC/GMT+8hours:2023-11-07 23:54:55.177712
您目前采用的模式为: 
1. <表结构一致模式> 单参数表处理模式, 常用模式, 数据源的表结构一致时采用该模式处理数据转换;


UTC/GMT+8hours:2023-11-07 23:55:29.632784
######################## 围绕参数表'DEFAULT'的数据格式转换程序开始执行 ################################



UTC/GMT+8hours:2023-11-07 23:55:29.635776
[PARAMS] parameters initialization from existing params file 'BASE_PARAMS_SET.json'.

UTC/GMT+8hours:2023-11-07 23:55:29.652264
[PARAMS] parameters initialization from 'BASE_PARAMS_SET.json', params set file 'DEFAULT.json' is created or overwritten.


*************************************************************************
***                          PROGRAM STARTS                           ***
***                  TABLE-DATA-FORMAT-TRANSFORM-APP                  ***
***                           VERSION:2.01                            ***
***                  e-mail: jameshanzhang@foxmail.com                ***
*************************************************************************
link: github.com/JamesHanZhang/table-data-format-transform-app
UTC/GMT+8hours:2023-11-07 23:55:29.659256
***************************************************
[PROGRAM STARTS]: program starts...

UTC/GMT+8hours:2023-11-07 23:55:29.665244
[PARAMS] parameters initialization from existing params file 'BASE_PARAMS_SET.json'.

UTC/GMT+8hours:2023-11-07 23:55:29.678273
[PARAMS] parameters initialization from 'BASE_PARAMS_SET.json', params set file 'DEFAULT.json' is created or overwritten.

UTC/GMT+8hours:2023-11-07 23:55:29.681284
[COST TIME] the program <markdown reading generator created (using csv reading method)> costed time: 0:00:00

UTC/GMT+8hours:2023-11-07 23:56:11.679701
您目前采用的模式为: 
1. <表结构一致模式> 单参数表处理模式, 常用模式, 数据源的表结构一致时采用该模式处理数据转换;


UTC/GMT+8hours:2023-11-07 23:56:26.849639
######################## 围绕参数表'DEFAULT'的数据格式转换程序开始执行 ################################



UTC/GMT+8hours:2023-11-07 23:56:26.852630
[PARAMS] parameters initialization from existing params file 'BASE_PARAMS_SET.json'.

UTC/GMT+8hours:2023-11-07 23:56:26.860894
[PARAMS] parameters initialization from 'BASE_PARAMS_SET.json', params set file 'DEFAULT.json' is created or overwritten.


*************************************************************************
***                          PROGRAM STARTS                           ***
***                  TABLE-DATA-FORMAT-TRANSFORM-APP                  ***
***                           VERSION:2.01                            ***
***                  e-mail: jameshanzhang@foxmail.com                ***
*************************************************************************
link: github.com/JamesHanZhang/table-data-format-transform-app
UTC/GMT+8hours:2023-11-07 23:56:26.869384
***************************************************
[PROGRAM STARTS]: program starts...

UTC/GMT+8hours:2023-11-07 23:56:26.874363
[PARAMS] parameters initialization from existing params file 'BASE_PARAMS_SET.json'.

UTC/GMT+8hours:2023-11-07 23:56:26.881309
[PARAMS] parameters initialization from 'BASE_PARAMS_SET.json', params set file 'DEFAULT.json' is created or overwritten.

UTC/GMT+8hours:2023-11-07 23:56:26.886297
[COST TIME] the program <markdown reading generator created (using csv reading method)> costed time: 0:00:00

UTC/GMT+8hours:2023-11-07 23:57:10.305080
您目前采用的模式为: 
1. <表结构一致模式> 单参数表处理模式, 常用模式, 数据源的表结构一致时采用该模式处理数据转换;


UTC/GMT+8hours:2023-11-07 23:57:18.711388
######################## 围绕参数表'DEFAULT'的数据格式转换程序开始执行 ################################



UTC/GMT+8hours:2023-11-07 23:57:18.725389
[PARAMS] parameters initialization from settings, params set file 'DEFAULT.json' is created or overwritten.


*************************************************************************
***                          PROGRAM STARTS                           ***
***                  TABLE-DATA-FORMAT-TRANSFORM-APP                  ***
***                           VERSION:2.01                            ***
***                  e-mail: jameshanzhang@foxmail.com                ***
*************************************************************************
link: github.com/JamesHanZhang/table-data-format-transform-app
UTC/GMT+8hours:2023-11-07 23:57:18.735327
***************************************************
[PROGRAM STARTS]: program starts...

UTC/GMT+8hours:2023-11-07 23:57:18.744305
[PARAMS] parameters initialization from settings, params set file 'DEFAULT.json' is created or overwritten.

UTC/GMT+8hours:2023-11-07 23:57:18.752317
[COST TIME] the program <markdown reading generator created (using csv reading method)> costed time: 0:00:00

UTC/GMT+8hours:2023-11-07 23:57:18.756271
[INPUT ENCODING DETECTION] file D:\CODE-PROJECTS\PYTHON-PROJECTS\table-data-format-transform-app\release\table-data-format-transform-app\input_dataset\input_test.md charset detected automatically: utf-8

UTC/GMT+8hours:2023-11-07 23:57:18.763313
[WARNING]: we turned all datavalues into string type in case losing the precision of data.

UTC/GMT+8hours:2023-11-07 23:57:18.770249
[ParseError]: ParseError detected not by read_csv, but by self made method.
Error tokenizing data. C error: EOF inside string starting at row 8.


UTC/GMT+8hours:2023-11-07 23:57:18.774258
[ERROR LINES EXTRACTION] error lines and correct lines are separated into 2 files for further reading.

UTC/GMT+8hours:2023-11-07 23:57:18.787215
[IMPORT CSV]: data from D:\CODE-PROJECTS\PYTHON-PROJECTS\table-data-format-transform-app\release\table-data-format-transform-app\input_dataset\input_test.md is imported as reader generator for circular import in chunk size 50000.

UTC/GMT+8hours:2023-11-07 23:57:18.788186
[COST TIME] the program <csv reading generator created> costed time: 0:00:00.032884

UTC/GMT+8hours:2023-11-07 23:57:18.799157
[COST TIME] the program <basic processing> costed time: 0:00:00

UTC/GMT+8hours:2023-11-07 23:57:18.808168
[CSV OUTPUT]: file created: D:\CODE-PROJECTS\PYTHON-PROJECTS\table-data-format-transform-app\release\table-data-format-transform-app\output_dataset\output_test.csv

UTC/GMT+8hours:2023-11-07 23:57:18.808168
[COST TIME] the program <store as csv> costed time: 0:00:00.002030

UTC/GMT+8hours:2023-11-07 23:57:19.046734
[EXCEL OUTPUT]: file created: D:\CODE-PROJECTS\PYTHON-PROJECTS\table-data-format-transform-app\release\table-data-format-transform-app\output_dataset\output_test.xlsx

UTC/GMT+8hours:2023-11-07 23:57:19.047731
[COST TIME] the program <store as excel> costed time: 0:00:00.227052

UTC/GMT+8hours:2023-11-07 23:57:19.065685
[MARKDOWN OUTPUT]: file created: D:\CODE-PROJECTS\PYTHON-PROJECTS\table-data-format-transform-app\release\table-data-format-transform-app\output_dataset\output_test.md

UTC/GMT+8hours:2023-11-07 23:57:19.065685
[COST TIME] the program <store as markdown> costed time: 0:00:00.007980

UTC/GMT+8hours:2023-11-07 23:57:19.094606
[COST TIME] the program <store as sql table creation> costed time: 0:00:00.003951

UTC/GMT+8hours:2023-11-07 23:57:19.094606
[COST TIME] the program <store as sql insert commands> costed time: 0:00:00.021941

UTC/GMT+8hours:2023-11-07 23:57:19.100630
[THE END]: The data analysis process is successfully finished.
[COST TIME]: The whole process costed time: 0:00:00.359281
***************************************************




UTC/GMT+8hours:2023-11-07 23:57:19.105584
######################## 参数表'DEFAULT'的数据转换进程已顺利结束执行 ################################



UTC/GMT+8hours:2023-11-07 23:57:19.112560
[PARAMS] parameters initialization from existing params file 'DEFAULT.json'.

UTC/GMT+8hours:2023-11-07 23:57:19.117459
共计转换数据量为: 6条记录.

UTC/GMT+8hours:2023-11-07 23:57:19.122449

*************************** 免责声明 ******************************
    本程序遵循MIT开源协议, 如有疑问, 可依据以下链接查看源代码:
    link: github.com/JamesHanZhang/table-data-format-transform-app
    请用户自行负责校验数据转换质量
******************************************************************


