UTC/GMT+8hours:2023-11-10 00:24:08.690669
您目前采用的模式为: 
1. <表结构一致模式> 单参数表处理模式, 常用模式, 数据源的表结构一致时采用该模式处理数据转换;


UTC/GMT+8hours:2023-11-10 00:24:44.393868
######################## 围绕参数表'DEFAULT'的数据格式转换程序开始执行 ################################



UTC/GMT+8hours:2023-11-10 00:24:44.405816
[PARAMS] parameters initialization from settings, params set file 'DEFAULT.json' is created or overwritten.


*************************************************************************
***                          PROGRAM STARTS                           ***
***                  TABLE-DATA-FORMAT-TRANSFORM-APP                  ***
***                           VERSION:2.2.0                            ***
***                  e-mail: jameshanzhang@foxmail.com                ***
*************************************************************************
link: github.com/JamesHanZhang/table-data-format-transform-app
UTC/GMT+8hours:2023-11-10 00:24:44.412498
***************************************************
[PROGRAM STARTS]: program starts...

UTC/GMT+8hours:2023-11-10 00:24:44.421466
[PARAMS] parameters initialization from settings, params set file 'DEFAULT.json' is created or overwritten.

UTC/GMT+8hours:2023-11-10 00:24:44.425455
[COST TIME] the program <markdown reading generator created (using csv reading method)> costed time: 0:00:00

UTC/GMT+8hours:2023-11-10 00:24:44.434245
[INPUT ENCODING DETECTION] file D:\CODE-PROJECTS\PYTHON-PROJECTS\table-data-format-transform-app\release\table-data-format-transform-app\input_dataset\input_test.md charset detected automatically: utf-8

UTC/GMT+8hours:2023-11-10 00:24:44.434245
[WARNING]: we turned all datavalues into string type in case losing the precision of data.

UTC/GMT+8hours:2023-11-10 00:24:44.439261
[ParseError]: ParseError detected not by read_csv, but by self made method.
Error tokenizing data. C error: EOF inside string starting at row 8.


UTC/GMT+8hours:2023-11-10 00:24:44.444251
[ERROR LINES EXTRACTION] error lines and correct lines are separated into 2 files for further reading.

UTC/GMT+8hours:2023-11-10 00:24:44.451233
[IMPORT CSV]: data from D:\CODE-PROJECTS\PYTHON-PROJECTS\table-data-format-transform-app\release\table-data-format-transform-app\input_dataset\input_test.md is imported as reader generator for circular import in chunk size 50000.

UTC/GMT+8hours:2023-11-10 00:24:44.454225
[COST TIME] the program <csv reading generator created> costed time: 0:00:00.026002

UTC/GMT+8hours:2023-11-10 00:24:44.463268
[COST TIME] the program <basic processing> costed time: 0:00:00

UTC/GMT+8hours:2023-11-10 00:24:44.472285
[CSV OUTPUT]: file created: D:\CODE-PROJECTS\PYTHON-PROJECTS\table-data-format-transform-app\release\table-data-format-transform-app\output_dataset\output_test.csv

UTC/GMT+8hours:2023-11-10 00:24:44.472285
[COST TIME] the program <store as csv> costed time: 0:00:00.002995

UTC/GMT+8hours:2023-11-10 00:24:44.477271
[NameError] for sql output, file name output_test.csv must contains extension '.sql' as required.

UTC/GMT+8hours:2023-11-10 00:24:44.482258
[THE END]: The data analysis process is successfully finished.
[COST TIME]: The whole process costed time: 0:00:00.064780
***************************************************




UTC/GMT+8hours:2023-11-10 00:24:44.487282
######################## 参数表'DEFAULT'的数据转换进程已顺利结束执行 ################################



UTC/GMT+8hours:2023-11-10 00:24:44.492231
[PARAMS] parameters initialization from existing params file 'DEFAULT.json'.

UTC/GMT+8hours:2023-11-10 00:24:44.497336
共计转换数据量为: 6条记录.

UTC/GMT+8hours:2023-11-10 00:24:44.502325

*************************** 免责声明 ******************************
    本程序遵循MIT开源协议, 如有疑问, 可依据以下链接查看源代码:
    link: github.com/JamesHanZhang/table-data-format-transform-app
    请用户自行负责校验数据转换质量
******************************************************************


