UTC/GMT+8hours:2023-11-08 00:09:39.885452

######################## 欢迎使用数据格式转换软件 ###############################
本软件仅支持excel, markdown, csv文件的互相转换
根据文件的拓展名(例如.csv, .md, .xlsx)来判断输入输出的文件类型
########################## 请输入参数并执行程序 #################################


UTC/GMT+8hours:2023-11-08 00:10:05.344965
[PARAMS] parameters initialization from settings, params set file 'DEFAULT.json' is created or overwritten.

UTC/GMT+8hours:2023-11-08 00:10:05.355939
######################## 围绕参数表'DEFAULT'的数据格式转换程序开始执行 ################################




*************************************************************************
***                          PROGRAM STARTS                           ***
***                  TABLE-DATA-FORMAT-TRANSFORM-APP                  ***
***                           VERSION:2.01                            ***
***                  e-mail: jameshanzhang@foxmail.com                ***
*************************************************************************
link: github.com/JamesHanZhang/table-data-format-transform-app
UTC/GMT+8hours:2023-11-08 00:10:05.363922
***************************************************
[PROGRAM STARTS]: program starts...

UTC/GMT+8hours:2023-11-08 00:10:05.368904
[PARAMS] parameters initialization from existing params file 'DEFAULT.json'.

UTC/GMT+8hours:2023-11-08 00:10:05.376883
[INPUT ENCODING DETECTION] file D:\CODE-PROJECTS\PYTHON-PROJECTS\table-data-format-transform-app\release\file_trans_on_extends_app\input_dataset\input_test.csv charset detected automatically: utf-8

UTC/GMT+8hours:2023-11-08 00:10:05.379875
[WARNING]: we turned all datavalues into string type in case losing the precision of data.

UTC/GMT+8hours:2023-11-08 00:10:05.385307
[ParseError]: ParseError detected not by read_csv, but by self made method.
Error tokenizing data. C error: EOF inside string starting at row 7.


UTC/GMT+8hours:2023-11-08 00:10:05.390293
[ERROR LINES EXTRACTION] error lines and correct lines are separated into 2 files for further reading.

UTC/GMT+8hours:2023-11-08 00:10:05.399032
[IMPORT CSV]: data from D:\CODE-PROJECTS\PYTHON-PROJECTS\table-data-format-transform-app\release\file_trans_on_extends_app\input_dataset\input_test.csv is imported as reader generator for circular import in chunk size 50000.

UTC/GMT+8hours:2023-11-08 00:10:05.401027
[COST TIME] the program <csv reading generator created> costed time: 0:00:00.025110

UTC/GMT+8hours:2023-11-08 00:10:05.408701
[COST TIME] the program <basic processing> costed time: 0:00:00

UTC/GMT+8hours:2023-11-08 00:10:05.422691
[MARKDOWN OUTPUT]: file created: D:\CODE-PROJECTS\PYTHON-PROJECTS\table-data-format-transform-app\release\file_trans_on_extends_app\output_dataset\try.md

UTC/GMT+8hours:2023-11-08 00:10:05.423686
[COST TIME] the program <store as markdown> costed time: 0:00:00.009001

UTC/GMT+8hours:2023-11-08 00:10:05.428648
[NameError] for sql output, file name try.md must contains extension '.sql' as required.

UTC/GMT+8hours:2023-11-08 00:10:05.433850
[THE END]: The data analysis process is successfully finished.
[COST TIME]: The whole process costed time: 0:00:00.065904
***************************************************




UTC/GMT+8hours:2023-11-08 00:10:05.440182
[PARAMS] parameters initialization from existing params file 'DEFAULT.json'.

UTC/GMT+8hours:2023-11-08 00:10:05.444445
######################## 参数表'DEFAULT'的数据转换进程已顺利结束执行 ################################



UTC/GMT+8hours:2023-11-08 00:10:05.449434
共计转换数据量为: 6条记录.

UTC/GMT+8hours:2023-11-08 00:10:05.454463

*************************** 免责声明 ******************************
    本程序遵循MIT开源协议, 如有疑问, 可依据以下链接查看源代码:
    link: github.com/JamesHanZhang/table-data-format-transform-app
    请用户自行负责校验数据转换质量
******************************************************************


